<?xml version='1.0' encoding='UTF-8'?>
<testsuite hostname="DESKTOP-S8F0DS7" name="LexerTests" tests="12" errors="0" failures="0" skipped="0" time="4.255" timestamp="2023-01-07T18:52:35">
          <properties>
[...]
</properties>
          <testcase classname="LexerTests" name="Test lexer: simple concat (2p)" time="0.122">
                      
                    </testcase><testcase classname="LexerTests" name="Test lexer: simple union (2p)" time="0.008">
                      
                    </testcase><testcase classname="LexerTests" name="Test lexer: space and zeros char (5p)" time="0.013">
                      
                    </testcase><testcase classname="LexerTests" name="Test lexer: space and zeros char (5p)-1" time="0.007">
                      
                    </testcase><testcase classname="LexerTests" name="Test lexer: ones and twos char (8p)" time="0.026">
                      
                    </testcase><testcase classname="LexerTests" name="Test lexer: plus and star char (8p)" time="0.014">
                      
                    </testcase><testcase classname="LexerTests" name="Test lexer: whitespaces char (10p)" time="0.027">
                      
                    </testcase><testcase classname="LexerTests" name="Test lexer: abcd diverse char (10p)" time="0.022">
                      
                    </testcase><testcase classname="LexerTests" name="Test lexer: everything complex char (15p)" time="0.239">
                      
                    </testcase><testcase classname="LexerTests" name="Test lexer: simple error parsing char (5p)" time="0.008">
                      
                    </testcase><testcase classname="LexerTests" name="Test lexer: simple error parsing char (10p)" time="0.008">
                      
                    </testcase><testcase classname="LexerTests" name="Test lexer: lexer for a real language (20p)" time="3.761">
                      
                    </testcase>
          <system-out><![CDATA[]]></system-out>
          <system-err><![CDATA[]]></system-err>
        </testsuite>